{
"contracts/Messenger.sol":{"l":{"16":0,"17":0,"25":3,"29":1,"33":0,"34":0,"36":0,"40":2,"41":1,"45":0},"path":"/Users/snuffish/Projects/hardhat-chat/contracts/Messenger.sol","s":{"1":0,"2":1,"3":0,"4":0,"5":0,"6":2,"7":1,"8":0},"b":{"1":[0,0],"2":[1,1],"3":[0,0]},"f":{"1":0,"2":3,"3":1,"4":0,"5":2,"6":0},"fnMap":{"1":{"name":"onlyOwner","line":15,"loc":{"start":{"line":15,"column":4},"end":{"line":18,"column":4}}},"2":{"name":"constructor","line":24,"loc":{"start":{"line":24,"column":4},"end":{"line":26,"column":4}}},"3":{"name":"getOwner","line":28,"loc":{"start":{"line":28,"column":4},"end":{"line":30,"column":4}}},"4":{"name":"sendMessage","line":32,"loc":{"start":{"line":32,"column":4},"end":{"line":37,"column":4}}},"5":{"name":"getMessages","line":39,"loc":{"start":{"line":39,"column":4},"end":{"line":42,"column":4}}},"6":{"name":"destroy","line":44,"loc":{"start":{"line":44,"column":4},"end":{"line":46,"column":4}}}},"statementMap":{"1":{"start":{"line":16,"column":8},"end":{"line":16,"column":59}},"2":{"start":{"line":29,"column":8},"end":{"line":29,"column":20}},"3":{"start":{"line":33,"column":8},"end":{"line":33,"column":62}},"4":{"start":{"line":34,"column":8},"end":{"line":34,"column":37}},"5":{"start":{"line":36,"column":8},"end":{"line":36,"column":41}},"6":{"start":{"line":40,"column":8},"end":{"line":40,"column":69}},"7":{"start":{"line":41,"column":8},"end":{"line":41,"column":29}},"8":{"start":{"line":45,"column":8},"end":{"line":45,"column":35}}},"branchMap":{"1":{"line":16,"type":"if","locations":[{"start":{"line":16,"column":8},"end":{"line":16,"column":8}},{"start":{"line":16,"column":8},"end":{"line":16,"column":8}}]},"2":{"line":40,"type":"if","locations":[{"start":{"line":40,"column":8},"end":{"line":40,"column":8}},{"start":{"line":40,"column":8},"end":{"line":40,"column":8}}]},"3":{"line":44,"type":"if","locations":[{"start":{"line":44,"column":32},"end":{"line":44,"column":32}},{"start":{"line":44,"column":32},"end":{"line":44,"column":32}}]}}},
"contracts/Token.sol":{"l":{"36":3,"37":3,"50":0,"54":0,"62":0,"63":0,"66":0,"76":2},"path":"/Users/snuffish/Projects/hardhat-chat/contracts/Token.sol","s":{"1":0,"2":0,"3":0,"4":2},"b":{"1":[0,0]},"f":{"1":3,"2":0,"3":2},"fnMap":{"1":{"name":"constructor","line":33,"loc":{"start":{"line":33,"column":4},"end":{"line":38,"column":4}}},"2":{"name":"transfer","line":46,"loc":{"start":{"line":46,"column":4},"end":{"line":67,"column":4}}},"3":{"name":"balanceOf","line":75,"loc":{"start":{"line":75,"column":4},"end":{"line":77,"column":4}}}},"statementMap":{"1":{"start":{"line":50,"column":8},"end":{"line":50,"column":67}},"2":{"start":{"line":54,"column":8},"end":{"line":54,"column":1860}},"3":{"start":{"line":66,"column":8},"end":{"line":66,"column":45}},"4":{"start":{"line":76,"column":8},"end":{"line":76,"column":32}}},"branchMap":{"1":{"line":50,"type":"if","locations":[{"start":{"line":50,"column":8},"end":{"line":50,"column":8}},{"start":{"line":50,"column":8},"end":{"line":50,"column":8}}]}}}}
