TN:
SF:/Users/snuffish/Projects/hardhat-chat/contracts/Messenger.sol
FN:15,onlyOwner
FN:24,constructor
FN:28,getOwner
FN:32,sendMessage
FN:39,getMessages
FN:44,destroy
FNF:6
FNH:3
FNDA:0,onlyOwner
FNDA:3,constructor
FNDA:1,getOwner
FNDA:0,sendMessage
FNDA:2,getMessages
FNDA:0,destroy
DA:16,0
DA:17,0
DA:25,3
DA:29,1
DA:33,0
DA:34,0
DA:36,0
DA:40,2
DA:41,1
DA:45,0
LF:10
LH:4
BRDA:16,1,0,0
BRDA:16,1,1,0
BRDA:40,2,0,1
BRDA:40,2,1,1
BRDA:44,3,0,0
BRDA:44,3,1,0
BRF:6
BRH:2
end_of_record
TN:
SF:/Users/snuffish/Projects/hardhat-chat/contracts/Token.sol
FN:33,constructor
FN:46,transfer
FN:75,balanceOf
FNF:3
FNH:2
FNDA:3,constructor
FNDA:0,transfer
FNDA:2,balanceOf
DA:36,3
DA:37,3
DA:50,0
DA:54,0
DA:62,0
DA:63,0
DA:66,0
DA:76,2
LF:8
LH:3
BRDA:50,1,0,0
BRDA:50,1,1,0
BRF:2
BRH:0
end_of_record
